<?xml version="1.0" encoding="UTF-8"?>
<!-- Generated by org.testng.reporters.JUnitReportReporter -->
<testsuite skipped="0" hostname="LAPTOP-KU6KAF8K" name="main.java.com.metrobank.mobile.MBM.TestCase.Dashboard.MBM185.MBM185_0102" tests="1" failures="0" timestamp="23 Oct 2020 07:24:32 GMT" time="88.012" errors="0">
  <testcase name="DashBoardViewDepositAccountOnly0118" time="88.012" classname="main.java.com.metrobank.mobile.MBM.TestCase.Dashboard.MBM185.MBM185_0102"/>
</testsuite> <!-- main.java.com.metrobank.mobile.MBM.TestCase.Dashboard.MBM185.MBM185_0102 -->
