<?xml version="1.0" encoding="UTF-8"?>
<!-- Generated by org.testng.reporters.JUnitReportReporter -->
<testsuite skipped="0" hostname="LAPTOP-KU6KAF8K" name="main.java.com.metrobank.mobile.MBM.TestCase.Dashboard.DepositAccOverview.DepositAccountOverview_0112" tests="1" failures="0" timestamp="30 Oct 2020 08:09:59 GMT" time="98.470" errors="0">
  <testcase name="DepositAccountOverview0112" time="98.470" classname="main.java.com.metrobank.mobile.MBM.TestCase.Dashboard.DepositAccOverview.DepositAccountOverview_0112"/>
</testsuite> <!-- main.java.com.metrobank.mobile.MBM.TestCase.Dashboard.DepositAccOverview.DepositAccountOverview_0112 -->
