<?xml version="1.0" encoding="UTF-8"?>
<!-- Generated by org.testng.reporters.JUnitReportReporter -->
<testsuite skipped="0" hostname="LAPTOP-KU6KAF8K" name="main.java.com.metrobank.mobile.MBM.TestCase.Dashboard.MBM183.MBM183_1114" tests="1" failures="0" timestamp="22 Oct 2020 03:17:30 GMT" time="84.014" errors="0">
  <testcase name="DashBoardViewDepositAccountOnly0113" time="84.014" classname="main.java.com.metrobank.mobile.MBM.TestCase.Dashboard.MBM183.MBM183_1114"/>
</testsuite> <!-- main.java.com.metrobank.mobile.MBM.TestCase.Dashboard.MBM183.MBM183_1114 -->
