<?xml version="1.0" encoding="UTF-8"?>
<!-- Generated by org.testng.reporters.JUnitReportReporter -->
<testsuite skipped="0" hostname="LAPTOP-KU6KAF8K" name="main.java.com.metrobank.mobile.MBM.TestCase.DashBoardViewDepositAccountOnly_0101" tests="1" failures="0" timestamp="30 Sep 2020 01:57:47 GMT" time="39.405" errors="0">
  <testcase name="DashBoardViewDepositAccountOnly0101" time="39.405" classname="main.java.com.metrobank.mobile.MBM.TestCase.DashBoardViewDepositAccountOnly_0101"/>
</testsuite> <!-- main.java.com.metrobank.mobile.MBM.TestCase.DashBoardViewDepositAccountOnly_0101 -->
