<?xml version="1.0" encoding="UTF-8"?>
<!-- Generated by org.testng.reporters.JUnitReportReporter -->
<testsuite skipped="0" hostname="LAPTOP-KU6KAF8K" name="main.java.com.metrobank.mobile.MBM.TestCase.Dashboard.MBM183.MBM183_0105" tests="1" failures="0" timestamp="21 Oct 2020 06:53:09 GMT" time="76.760" errors="0">
  <testcase name="DashBoardViewDepositAccountOnly0105" time="76.760" classname="main.java.com.metrobank.mobile.MBM.TestCase.Dashboard.MBM183.MBM183_0105"/>
</testsuite> <!-- main.java.com.metrobank.mobile.MBM.TestCase.Dashboard.MBM183.MBM183_0105 -->
