<?xml version="1.0" encoding="UTF-8"?>
<!-- Generated by org.testng.reporters.JUnitReportReporter -->
<testsuite skipped="0" hostname="LAPTOP-KU6KAF8K" name="main.java.com.metrobank.mobile.MBM.TestCase.Dashboard.MBM183.MBM183_0108" tests="1" failures="0" timestamp="21 Oct 2020 07:02:29 GMT" time="77.881" errors="0">
  <testcase name="DashBoardViewDepositAccountOnly0105" time="77.881" classname="main.java.com.metrobank.mobile.MBM.TestCase.Dashboard.MBM183.MBM183_0108"/>
</testsuite> <!-- main.java.com.metrobank.mobile.MBM.TestCase.Dashboard.MBM183.MBM183_0108 -->
