<?xml version="1.0" encoding="UTF-8"?>
<!-- Generated by org.testng.reporters.JUnitReportReporter -->
<testsuite skipped="0" hostname="LAPTOP-KU6KAF8K" name="main.java.com.metrobank.mobile.MBM.TestCase.Dashboard.Dashboard_0121" tests="1" failures="0" timestamp="28 Oct 2020 07:30:45 GMT" time="58.689" errors="0">
  <testcase name="ValidationBtnNavigationBar0122" time="58.689" classname="main.java.com.metrobank.mobile.MBM.TestCase.Dashboard.Dashboard_0121"/>
</testsuite> <!-- main.java.com.metrobank.mobile.MBM.TestCase.Dashboard.Dashboard_0121 -->
