<?xml version="1.0" encoding="UTF-8"?>
<!-- Generated by org.testng.reporters.JUnitReportReporter -->
<testsuite skipped="0" hostname="LAPTOP-KU6KAF8K" name="main.java.com.metrobank.mobile.MBM.TestCase.Dashboard.Dashboard_0135" tests="1" failures="0" timestamp="28 Oct 2020 09:18:02 GMT" time="84.583" errors="0">
  <testcase name="UpdatingShortCutWidget" time="84.583" classname="main.java.com.metrobank.mobile.MBM.TestCase.Dashboard.Dashboard_0135"/>
</testsuite> <!-- main.java.com.metrobank.mobile.MBM.TestCase.Dashboard.Dashboard_0135 -->
