<?xml version="1.0" encoding="UTF-8"?>
<!-- Generated by org.testng.reporters.JUnitReportReporter -->
<testsuite skipped="0" hostname="LAPTOP-KU6KAF8K" name="main.java.com.metrobank.mobile.MBM.TestCase.Dashboard.Dashboard_0146" tests="1" failures="0" timestamp="9 Oct 2020 09:25:29 GMT" time="100.542" errors="0">
  <testcase name="RemovingInboxWidget" time="100.542" classname="main.java.com.metrobank.mobile.MBM.TestCase.Dashboard.Dashboard_0146"/>
</testsuite> <!-- main.java.com.metrobank.mobile.MBM.TestCase.Dashboard.Dashboard_0146 -->
