<?xml version="1.0" encoding="UTF-8"?>
<!-- Generated by org.testng.reporters.JUnitReportReporter -->
<testsuite skipped="0" hostname="LAPTOP-KU6KAF8K" name="main.java.com.metrobank.mobile.MBM.TestCase.Dashboard.Dashboard_0133" tests="1" failures="0" timestamp="8 Oct 2020 07:17:24 GMT" time="62.746" errors="0">
  <testcase name="ViewingofDepositWidget" time="62.746" classname="main.java.com.metrobank.mobile.MBM.TestCase.Dashboard.Dashboard_0133"/>
</testsuite> <!-- main.java.com.metrobank.mobile.MBM.TestCase.Dashboard.Dashboard_0133 -->
