<?xml version="1.0" encoding="UTF-8"?>
<!-- Generated by org.testng.reporters.JUnitReportReporter -->
<testsuite skipped="0" hostname="LAPTOP-KU6KAF8K" name="main.java.com.metrobank.mobile.MBM.TestCase.Dashboard.Dashboard_0124_0125" tests="1" failures="0" timestamp="7 Oct 2020 03:41:17 GMT" time="65.121" errors="0">
  <testcase name="ValidationCustomizeDashboard0124" time="65.121" classname="main.java.com.metrobank.mobile.MBM.TestCase.Dashboard.Dashboard_0124_0125"/>
</testsuite> <!-- main.java.com.metrobank.mobile.MBM.TestCase.Dashboard.Dashboard_0124_0125 -->
