<?xml version="1.0" encoding="UTF-8"?>
<!-- Generated by org.testng.reporters.JUnitReportReporter -->
<testsuite skipped="0" hostname="LAPTOP-KU6KAF8K" name="main.java.com.metrobank.mobile.MBM.TestCase.Dashboard.Dashboard_0127" tests="1" failures="0" timestamp="7 Oct 2020 05:48:48 GMT" time="66.458" errors="0">
  <testcase name="ValidationCustomizeDashboard0126" time="66.458" classname="main.java.com.metrobank.mobile.MBM.TestCase.Dashboard.Dashboard_0127"/>
</testsuite> <!-- main.java.com.metrobank.mobile.MBM.TestCase.Dashboard.Dashboard_0127 -->
