<?xml version="1.0" encoding="UTF-8"?>
<!-- Generated by org.testng.reporters.JUnitReportReporter -->
<testsuite skipped="0" hostname="LAPTOP-KU6KAF8K" name="main.java.com.metrobank.mobile.MBM.TestCase.Dashboard.DashBoard_0101" tests="1" failures="0" timestamp="28 Oct 2020 07:30:45 GMT" time="60.493" errors="0">
  <testcase name="DashBoardViewDepositAccountOnly0101" time="60.493" classname="main.java.com.metrobank.mobile.MBM.TestCase.Dashboard.DashBoard_0101"/>
</testsuite> <!-- main.java.com.metrobank.mobile.MBM.TestCase.Dashboard.DashBoard_0101 -->
