<?xml version="1.0" encoding="UTF-8"?>
<!-- Generated by org.testng.reporters.JUnitReportReporter -->
<testsuite skipped="0" hostname="LAPTOP-KU6KAF8K" name="main.java.com.metrobank.mobile.MBM.TestCase.Dashboard.MBM183.MBM183_0110" tests="1" failures="0" timestamp="22 Oct 2020 02:29:51 GMT" time="78.958" errors="0">
  <testcase name="DashBoardViewDepositAccountOnly0110" time="78.958" classname="main.java.com.metrobank.mobile.MBM.TestCase.Dashboard.MBM183.MBM183_0110"/>
</testsuite> <!-- main.java.com.metrobank.mobile.MBM.TestCase.Dashboard.MBM183.MBM183_0110 -->
