<?xml version="1.0" encoding="UTF-8"?>
<!-- Generated by org.testng.reporters.JUnitReportReporter -->
<testsuite skipped="0" hostname="LAPTOP-KU6KAF8K" name="main.java.com.metrobank.mobile.MBM.TestCase.Dashboard.Dashboard_0121" tests="1" failures="0" timestamp="6 Oct 2020 08:29:58 GMT" time="48.172" errors="0">
  <testcase name="ValidationBtnNavigationBar0122" time="48.172" classname="main.java.com.metrobank.mobile.MBM.TestCase.Dashboard.Dashboard_0121"/>
</testsuite> <!-- main.java.com.metrobank.mobile.MBM.TestCase.Dashboard.Dashboard_0121 -->
