<?xml version="1.0" encoding="UTF-8"?>
<!-- Generated by org.testng.reporters.JUnitReportReporter -->
<testsuite skipped="0" hostname="LAPTOP-KU6KAF8K" name="main.java.com.metrobank.mobile.MBM.TestCase.Dashboard.Dashboard_0103" tests="1" failures="0" timestamp="12 Oct 2020 01:09:33 GMT" time="56.402" errors="0">
  <testcase name="DashBoardViewPrepaidAccountOnly0102" time="56.402" classname="main.java.com.metrobank.mobile.MBM.TestCase.Dashboard.Dashboard_0103"/>
</testsuite> <!-- main.java.com.metrobank.mobile.MBM.TestCase.Dashboard.Dashboard_0103 -->
