<?xml version="1.0" encoding="UTF-8"?>
<!-- Generated by org.testng.reporters.JUnitReportReporter -->
<testsuite skipped="0" hostname="LAPTOP-KU6KAF8K" name="main.java.com.metrobank.mobile.MBM.TestCase.Dashboard.Dashboard_0143" tests="1" failures="0" timestamp="28 Oct 2020 07:30:45 GMT" time="89.519" errors="1">
  <testcase name="ViewingInboxWidget" time="89.519" classname="main.java.com.metrobank.mobile.MBM.TestCase.Dashboard.Dashboard_0143">
    <error type="java.lang.OutOfMemoryError" message="Java heap space">
      <![CDATA[java.lang.OutOfMemoryError: Java heap space
]]>
    </error>
  </testcase> <!-- ViewingInboxWidget -->
</testsuite> <!-- main.java.com.metrobank.mobile.MBM.TestCase.Dashboard.Dashboard_0143 -->
