<?xml version="1.0" encoding="UTF-8"?>
<!-- Generated by org.testng.reporters.JUnitReportReporter -->
<testsuite skipped="0" hostname="LAPTOP-KU6KAF8K" name="main.java.com.metrobank.mobile.MBM.TestCase.Login.Login_TCID_01_09" tests="1" failures="0" timestamp="28 Oct 2020 07:30:45 GMT" time="39.197" errors="0">
  <testcase name="connectionMobile" time="39.197" classname="main.java.com.metrobank.mobile.MBM.TestCase.Login.Login_TCID_01_09"/>
</testsuite> <!-- main.java.com.metrobank.mobile.MBM.TestCase.Login.Login_TCID_01_09 -->
