<?xml version="1.0" encoding="UTF-8"?>
<!-- Generated by org.testng.reporters.JUnitReportReporter -->
<testsuite skipped="0" hostname="LAPTOP-KU6KAF8K" name="main.java.com.metrobank.mobile.MBM.TestCase.Dashboard.MBM183.MBM183_0104" tests="1" failures="0" timestamp="21 Oct 2020 06:46:42 GMT" time="80.554" errors="0">
  <testcase name="DashBoardViewDepositAccountOnly0103" time="80.554" classname="main.java.com.metrobank.mobile.MBM.TestCase.Dashboard.MBM183.MBM183_0104"/>
</testsuite> <!-- main.java.com.metrobank.mobile.MBM.TestCase.Dashboard.MBM183.MBM183_0104 -->
