<?xml version="1.0" encoding="UTF-8"?>
<!-- Generated by org.testng.reporters.JUnitReportReporter -->
<testsuite skipped="0" hostname="LAPTOP-KU6KAF8K" name="main.java.com.metrobank.mobile.MBM.TestCase.Dashboard.Dashboard_0142" tests="1" failures="0" timestamp="9 Oct 2020 04:18:20 GMT" time="70.289" errors="0">
  <testcase name="RemovingOfActivityLogWidget" time="70.289" classname="main.java.com.metrobank.mobile.MBM.TestCase.Dashboard.Dashboard_0142"/>
</testsuite> <!-- main.java.com.metrobank.mobile.MBM.TestCase.Dashboard.Dashboard_0142 -->
