<?xml version="1.0" encoding="UTF-8"?>
<!-- Generated by org.testng.reporters.JUnitReportReporter -->
<testsuite skipped="0" hostname="LAPTOP-KU6KAF8K" name="main.java.com.metrobank.mobile.MBM.TestCase.Dashboard.Dashboard_0118" tests="1" failures="0" timestamp="6 Oct 2020 06:46:58 GMT" time="47.775" errors="0">
  <testcase name="ValidationLogoDashBoard0118" time="47.775" classname="main.java.com.metrobank.mobile.MBM.TestCase.Dashboard.Dashboard_0118"/>
</testsuite> <!-- main.java.com.metrobank.mobile.MBM.TestCase.Dashboard.Dashboard_0118 -->
