<?xml version="1.0" encoding="UTF-8"?>
<!-- Generated by org.testng.reporters.JUnitReportReporter -->
<testsuite skipped="0" hostname="LAPTOP-KU6KAF8K" name="main.java.com.metrobank.mobile.MBM.TestCase.Dashboard.Dashboard_0120" tests="1" failures="0" timestamp="6 Oct 2020 08:14:55 GMT" time="82.536" errors="0">
  <testcase name="ValidationLogOutBtnNavigationBar0120" time="82.536" classname="main.java.com.metrobank.mobile.MBM.TestCase.Dashboard.Dashboard_0120"/>
</testsuite> <!-- main.java.com.metrobank.mobile.MBM.TestCase.Dashboard.Dashboard_0120 -->
