<?xml version="1.0" encoding="UTF-8"?>
<!-- Generated by org.testng.reporters.JUnitReportReporter -->
<testsuite skipped="0" hostname="LAPTOP-KU6KAF8K" name="main.java.com.metrobank.mobile.MBM.TestCase.Dashboard.Dashboard_0139" tests="1" failures="0" timestamp="28 Oct 2020 09:12:15 GMT" time="78.536" errors="0">
  <testcase name="ViewingOfActivityLog" time="78.536" classname="main.java.com.metrobank.mobile.MBM.TestCase.Dashboard.Dashboard_0139"/>
</testsuite> <!-- main.java.com.metrobank.mobile.MBM.TestCase.Dashboard.Dashboard_0139 -->
