<?xml version="1.0" encoding="UTF-8"?>
<!-- Generated by org.testng.reporters.JUnitReportReporter -->
<testsuite skipped="0" hostname="LAPTOP-KU6KAF8K" name="main.java.com.metrobank.mobile.MBM.TestCase.Dashboard.Dashboard_0102" tests="1" failures="0" timestamp="12 Oct 2020 01:06:49 GMT" time="59.770" errors="0">
  <testcase name="DashBoardViewPrepaidAccountOnly0102" time="59.770" classname="main.java.com.metrobank.mobile.MBM.TestCase.Dashboard.Dashboard_0102"/>
</testsuite> <!-- main.java.com.metrobank.mobile.MBM.TestCase.Dashboard.Dashboard_0102 -->
