<?xml version="1.0" encoding="UTF-8"?>
<!-- Generated by org.testng.reporters.JUnitReportReporter -->
<testsuite skipped="0" hostname="LAPTOP-KU6KAF8K" name="main.java.com.metrobank.mobile.MBM.TestCase.Dashboard.DepositAccOverview.DepositAccountOverview_0103" tests="1" failures="0" timestamp="30 Oct 2020 06:19:37 GMT" time="61.397" errors="0">
  <testcase name="DepositAccountOverview0103" time="61.397" classname="main.java.com.metrobank.mobile.MBM.TestCase.Dashboard.DepositAccOverview.DepositAccountOverview_0103"/>
</testsuite> <!-- main.java.com.metrobank.mobile.MBM.TestCase.Dashboard.DepositAccOverview.DepositAccountOverview_0103 -->
