<?xml version="1.0" encoding="UTF-8"?>
<!-- Generated by org.testng.reporters.JUnitReportReporter -->
<testsuite skipped="0" hostname="LAPTOP-KU6KAF8K" name="main.java.com.metrobank.mobile.MBM.TestCase.Dashboard.DepositAccOverview.DepositAccountOverview_0105" tests="1" failures="0" timestamp="30 Oct 2020 06:36:40 GMT" time="74.714" errors="0">
  <testcase name="DepositAccountOverview0105" time="74.714" classname="main.java.com.metrobank.mobile.MBM.TestCase.Dashboard.DepositAccOverview.DepositAccountOverview_0105"/>
</testsuite> <!-- main.java.com.metrobank.mobile.MBM.TestCase.Dashboard.DepositAccOverview.DepositAccountOverview_0105 -->
