<?xml version="1.0" encoding="UTF-8"?>
<!-- Generated by org.testng.reporters.JUnitReportReporter -->
<testsuite skipped="0" hostname="LAPTOP-KU6KAF8K" name="main.java.com.metrobank.mobile.MBM.TestCase.Dashboard.DepositAccOverview.DepositAccountOverview_0110" tests="1" failures="0" timestamp="30 Oct 2020 06:49:38 GMT" time="89.871" errors="0">
  <testcase name="DepositAccountOverview0110" time="89.871" classname="main.java.com.metrobank.mobile.MBM.TestCase.Dashboard.DepositAccOverview.DepositAccountOverview_0110"/>
</testsuite> <!-- main.java.com.metrobank.mobile.MBM.TestCase.Dashboard.DepositAccOverview.DepositAccountOverview_0110 -->
