<?xml version="1.0" encoding="UTF-8"?>
<!-- Generated by org.testng.reporters.JUnitReportReporter -->
<testsuite skipped="0" hostname="LAPTOP-KU6KAF8K" name="main.java.com.metrobank.mobile.MBM.TestCase.Dashboard.Dashboard_0136" tests="1" failures="0" timestamp="9 Oct 2020 03:51:39 GMT" time="92.904" errors="0">
  <testcase name="ViewingofDepositWidget" time="92.904" classname="main.java.com.metrobank.mobile.MBM.TestCase.Dashboard.Dashboard_0136"/>
</testsuite> <!-- main.java.com.metrobank.mobile.MBM.TestCase.Dashboard.Dashboard_0136 -->
