<?xml version="1.0" encoding="UTF-8"?>
<!-- Generated by org.testng.reporters.JUnitReportReporter -->
<testsuite skipped="0" hostname="LAPTOP-KU6KAF8K" name="main.java.com.metrobank.mobile.MBM.TestCase.Dashboard.Dashboard_0143" tests="1" failures="0" timestamp="9 Oct 2020 08:43:37 GMT" time="80.321" errors="0">
  <testcase name="ViewingInboxWidget" time="80.321" classname="main.java.com.metrobank.mobile.MBM.TestCase.Dashboard.Dashboard_0143"/>
</testsuite> <!-- main.java.com.metrobank.mobile.MBM.TestCase.Dashboard.Dashboard_0143 -->
