<?xml version="1.0" encoding="UTF-8"?>
<!-- Generated by org.testng.reporters.JUnitReportReporter -->
<testsuite skipped="0" hostname="LAPTOP-KU6KAF8K" name="main.java.com.metrobank.mobile.MBM.TestCase.Dashboard.MBM183.MBM183_1117" tests="1" failures="0" timestamp="22 Oct 2020 07:00:16 GMT" time="82.539" errors="0">
  <testcase name="DashBoardViewDepositAccountOnly0117" time="82.539" classname="main.java.com.metrobank.mobile.MBM.TestCase.Dashboard.MBM183.MBM183_1117"/>
</testsuite> <!-- main.java.com.metrobank.mobile.MBM.TestCase.Dashboard.MBM183.MBM183_1117 -->
