<?xml version="1.0" encoding="UTF-8"?>
<!-- Generated by org.testng.reporters.JUnitReportReporter -->
<testsuite skipped="0" hostname="LAPTOP-KU6KAF8K" name="main.java.com.metrobank.mobile.MBM.TestCase.Dashboard.Dashboard_0126" tests="1" failures="0" timestamp="7 Oct 2020 09:10:23 GMT" time="77.815" errors="0">
  <testcase name="ValidationCustomizeDashboard0126" time="77.815" classname="main.java.com.metrobank.mobile.MBM.TestCase.Dashboard.Dashboard_0126"/>
</testsuite> <!-- main.java.com.metrobank.mobile.MBM.TestCase.Dashboard.Dashboard_0126 -->
