<?xml version="1.0" encoding="UTF-8"?>
<!-- Generated by org.testng.reporters.JUnitReportReporter -->
<testsuite skipped="0" hostname="LAPTOP-KU6KAF8K" name="main.java.com.metrobank.mobile.MBM.TestCase.Dashboard.Dashboard_0124" tests="1" failures="0" timestamp="7 Oct 2020 03:37:38 GMT" time="65.395" errors="0">
  <testcase name="ValidationCustomizeDashboard0124" time="65.395" classname="main.java.com.metrobank.mobile.MBM.TestCase.Dashboard.Dashboard_0124"/>
</testsuite> <!-- main.java.com.metrobank.mobile.MBM.TestCase.Dashboard.Dashboard_0124 -->
