<?xml version="1.0" encoding="UTF-8"?>
<!-- Generated by org.testng.reporters.JUnitReportReporter -->
<testsuite skipped="0" hostname="LAPTOP-KU6KAF8K" name="main.java.com.metrobank.mobile.MBM.TestCase.Dashboard.Dashboard_0129" tests="1" failures="0" timestamp="7 Oct 2020 09:08:56 GMT" time="52.177" errors="0">
  <testcase name="ViewingofDepositWidget" time="52.177" classname="main.java.com.metrobank.mobile.MBM.TestCase.Dashboard.Dashboard_0129"/>
</testsuite> <!-- main.java.com.metrobank.mobile.MBM.TestCase.Dashboard.Dashboard_0129 -->
