<?xml version="1.0" encoding="UTF-8"?>
<!-- Generated by org.testng.reporters.JUnitReportReporter -->
<testsuite skipped="0" hostname="LAPTOP-KU6KAF8K" name="main.java.com.metrobank.mobile.MBM.TestCase.Dashboard.Dashboard_0134" tests="1" failures="0" timestamp="8 Oct 2020 09:41:32 GMT" time="54.350" errors="0">
  <testcase name="ViewingofDepositWidget" time="54.350" classname="main.java.com.metrobank.mobile.MBM.TestCase.Dashboard.Dashboard_0134"/>
</testsuite> <!-- main.java.com.metrobank.mobile.MBM.TestCase.Dashboard.Dashboard_0134 -->
