<?xml version="1.0" encoding="UTF-8"?>
<!-- Generated by org.testng.reporters.JUnitReportReporter -->
<testsuite skipped="0" hostname="LAPTOP-KU6KAF8K" name="main.java.com.metrobank.mobile.MBM.TestCase.Dashboard.DepositAccOverview.DepositAccountOverview_0101" tests="1" failures="0" timestamp="30 Oct 2020 06:18:31 GMT" time="61.704" errors="0">
  <testcase name="DashBoardAccountOverview0101" time="61.704" classname="main.java.com.metrobank.mobile.MBM.TestCase.Dashboard.DepositAccOverview.DepositAccountOverview_0101"/>
</testsuite> <!-- main.java.com.metrobank.mobile.MBM.TestCase.Dashboard.DepositAccOverview.DepositAccountOverview_0101 -->
